<?xml version="1.0" encoding="UTF-8"?>
<coverage generated="1695914738479" clover="3.2.0">
  <project timestamp="1695914738479" name="All files">
    <metrics statements="87" coveredstatements="87" conditionals="30" coveredconditionals="30" methods="12" coveredmethods="12" elements="129" coveredelements="129" complexity="0" loc="87" ncloc="87" packages="1" files="1" classes="1"/>
    <file name="demo.js" path="D:\Vuefile\html\electron_1\jstest\test_result\demo.js">
      <metrics statements="87" coveredstatements="87" conditionals="30" coveredconditionals="30" methods="12" coveredmethods="12"/>
      <line num="1" count="1" type="stmt"/>
      <line num="2" count="1" type="stmt"/>
      <line num="3" count="1" type="stmt"/>
      <line num="4" count="1" type="stmt"/>
      <line num="5" count="1" type="stmt"/>
      <line num="6" count="1" type="stmt"/>
      <line num="7" count="93" type="stmt"/>
      <line num="9" count="1" type="stmt"/>
      <line num="10" count="34" type="stmt"/>
      <line num="11" count="34" type="stmt"/>
      <line num="12" count="34" type="stmt"/>
      <line num="15" count="1" type="stmt"/>
      <line num="16" count="37" type="cond" truecount="2" falsecount="0"/>
      <line num="18" count="17" type="cond" truecount="2" falsecount="0"/>
      <line num="19" count="1" type="stmt"/>
      <line num="20" count="1" type="stmt"/>
      <line num="23" count="16" type="stmt"/>
      <line num="26" count="37" type="cond" truecount="5" falsecount="0"/>
      <line num="27" count="2" type="stmt"/>
      <line num="28" count="2" type="stmt"/>
      <line num="29" count="2" type="stmt"/>
      <line num="30" count="35" type="cond" truecount="5" falsecount="0"/>
      <line num="31" count="3" type="stmt"/>
      <line num="32" count="3" type="stmt"/>
      <line num="33" count="32" type="cond" truecount="2" falsecount="0"/>
      <line num="34" count="2" type="stmt"/>
      <line num="35" count="2" type="stmt"/>
      <line num="36" count="30" type="cond" truecount="2" falsecount="0"/>
      <line num="37" count="1" type="stmt"/>
      <line num="38" count="1" type="stmt"/>
      <line num="39" count="29" type="cond" truecount="2" falsecount="0"/>
      <line num="40" count="1" type="stmt"/>
      <line num="41" count="1" type="stmt"/>
      <line num="42" count="28" type="cond" truecount="2" falsecount="0"/>
      <line num="43" count="1" type="stmt"/>
      <line num="44" count="1" type="stmt"/>
      <line num="45" count="1" type="stmt"/>
      <line num="46" count="27" type="cond" truecount="2" falsecount="0"/>
      <line num="47" count="2" type="stmt"/>
      <line num="48" count="2" type="stmt"/>
      <line num="51" count="25" type="stmt"/>
      <line num="52" count="25" type="stmt"/>
      <line num="54" count="37" type="stmt"/>
      <line num="55" count="37" type="stmt"/>
      <line num="57" count="1" type="stmt"/>
      <line num="58" count="4" type="stmt"/>
      <line num="59" count="4" type="stmt"/>
      <line num="60" count="4" type="stmt"/>
      <line num="62" count="1" type="stmt"/>
      <line num="63" count="18" type="cond" truecount="2" falsecount="0"/>
      <line num="64" count="10" type="stmt"/>
      <line num="65" count="10" type="stmt"/>
      <line num="67" count="18" type="stmt"/>
      <line num="68" count="18" type="stmt"/>
      <line num="71" count="18" type="stmt"/>
      <line num="72" count="1" type="stmt"/>
      <line num="73" count="1" type="stmt"/>
      <line num="76" count="18" type="stmt"/>
      <line num="77" count="1" type="stmt"/>
      <line num="78" count="1" type="stmt"/>
      <line num="81" count="18" type="stmt"/>
      <line num="82" count="1" type="stmt"/>
      <line num="83" count="1" type="stmt"/>
      <line num="86" count="18" type="stmt"/>
      <line num="87" count="17" type="stmt"/>
      <line num="89" count="17" type="stmt"/>
      <line num="91" count="17" type="stmt"/>
      <line num="92" count="17" type="stmt"/>
      <line num="94" count="1" type="stmt"/>
      <line num="95" count="1" type="stmt"/>
      <line num="98" count="1" type="stmt"/>
      <line num="99" count="20" type="stmt"/>
      <line num="100" count="20" type="stmt"/>
      <line num="101" count="20" type="stmt"/>
      <line num="102" count="20" type="stmt"/>
      <line num="103" count="20" type="stmt"/>
      <line num="104" count="20" type="stmt"/>
      <line num="106" count="1" type="stmt"/>
      <line num="108" count="1" type="stmt"/>
      <line num="109" count="1" type="stmt"/>
      <line num="110" count="1" type="stmt"/>
      <line num="111" count="1" type="stmt"/>
      <line num="115" count="17" type="stmt"/>
      <line num="118" count="4" type="cond" truecount="4" falsecount="0"/>
      <line num="119" count="1" type="stmt"/>
      <line num="121" count="3" type="stmt"/>
      <line num="125" count="1" type="stmt"/>
    </file>
  </project>
</coverage>
