{"D:\\Vuefile\\html\\electron_1\\jstest\\test_result\\demo.js": {"path":"D:\\Vuefile\\html\\electron_1\\jstest\\test_result\\demo.js","statementMap":{"0":{"start":{"line":1,"column":19},"end":{"line":1,"column":21}},"1":{"start":{"line":2,"column":17},"end":{"line":2,"column":19}},"2":{"start":{"line":3,"column":11},"end":{"line":3,"column":13}},"3":{"start":{"line":4,"column":13},"end":{"line":4,"column":14}},"4":{"start":{"line":5,"column":17},"end":{"line":5,"column":22}},"5":{"start":{"line":6,"column":14},"end":{"line":8,"column":1}},"6":{"start":{"line":7,"column":4},"end":{"line":7,"column":53}},"7":{"start":{"line":9,"column":19},"end":{"line":14,"column":1}},"8":{"start":{"line":10,"column":8},"end":{"line":10,"column":28}},"9":{"start":{"line":11,"column":8},"end":{"line":11,"column":20}},"10":{"start":{"line":12,"column":8},"end":{"line":12,"column":18}},"11":{"start":{"line":15,"column":16},"end":{"line":56,"column":1}},"12":{"start":{"line":16,"column":4},"end":{"line":25,"column":5}},"13":{"start":{"line":18,"column":8},"end":{"line":24,"column":9}},"14":{"start":{"line":19,"column":29},"end":{"line":19,"column":53}},"15":{"start":{"line":20,"column":12},"end":{"line":20,"column":36}},"16":{"start":{"line":23,"column":12},"end":{"line":23,"column":39}},"17":{"start":{"line":26,"column":4},"end":{"line":53,"column":5}},"18":{"start":{"line":27,"column":8},"end":{"line":27,"column":26}},"19":{"start":{"line":28,"column":8},"end":{"line":28,"column":35}},"20":{"start":{"line":29,"column":8},"end":{"line":29,"column":19}},"21":{"start":{"line":30,"column":11},"end":{"line":53,"column":5}},"22":{"start":{"line":31,"column":8},"end":{"line":31,"column":35}},"23":{"start":{"line":32,"column":8},"end":{"line":32,"column":19}},"24":{"start":{"line":33,"column":10},"end":{"line":53,"column":5}},"25":{"start":{"line":34,"column":8},"end":{"line":34,"column":31}},"26":{"start":{"line":35,"column":8},"end":{"line":35,"column":18}},"27":{"start":{"line":36,"column":10},"end":{"line":53,"column":5}},"28":{"start":{"line":37,"column":8},"end":{"line":37,"column":33}},"29":{"start":{"line":38,"column":8},"end":{"line":38,"column":16}},"30":{"start":{"line":39,"column":10},"end":{"line":53,"column":5}},"31":{"start":{"line":40,"column":8},"end":{"line":40,"column":34}},"32":{"start":{"line":41,"column":8},"end":{"line":41,"column":17}},"33":{"start":{"line":42,"column":10},"end":{"line":53,"column":5}},"34":{"start":{"line":43,"column":16},"end":{"line":43,"column":39}},"35":{"start":{"line":44,"column":8},"end":{"line":44,"column":16}},"36":{"start":{"line":45,"column":8},"end":{"line":45,"column":34}},"37":{"start":{"line":46,"column":10},"end":{"line":53,"column":5}},"38":{"start":{"line":47,"column":8},"end":{"line":47,"column":22}},"39":{"start":{"line":48,"column":8},"end":{"line":48,"column":17}},"40":{"start":{"line":51,"column":8},"end":{"line":51,"column":25}},"41":{"start":{"line":52,"column":8},"end":{"line":52,"column":19}},"42":{"start":{"line":54,"column":4},"end":{"line":54,"column":22}},"43":{"start":{"line":55,"column":4},"end":{"line":55,"column":14}},"44":{"start":{"line":57,"column":26},"end":{"line":61,"column":1}},"45":{"start":{"line":58,"column":8},"end":{"line":58,"column":28}},"46":{"start":{"line":59,"column":8},"end":{"line":59,"column":20}},"47":{"start":{"line":60,"column":8},"end":{"line":60,"column":18}},"48":{"start":{"line":62,"column":19},"end":{"line":97,"column":1}},"49":{"start":{"line":63,"column":4},"end":{"line":66,"column":5}},"50":{"start":{"line":64,"column":8},"end":{"line":64,"column":35}},"51":{"start":{"line":65,"column":8},"end":{"line":65,"column":26}},"52":{"start":{"line":67,"column":4},"end":{"line":96,"column":5}},"53":{"start":{"line":68,"column":8},"end":{"line":68,"column":50}},"54":{"start":{"line":71,"column":8},"end":{"line":74,"column":11}},"55":{"start":{"line":72,"column":34},"end":{"line":72,"column":63}},"56":{"start":{"line":73,"column":12},"end":{"line":73,"column":35}},"57":{"start":{"line":76,"column":8},"end":{"line":79,"column":11}},"58":{"start":{"line":77,"column":34},"end":{"line":77,"column":63}},"59":{"start":{"line":78,"column":12},"end":{"line":78,"column":36}},"60":{"start":{"line":81,"column":8},"end":{"line":84,"column":11}},"61":{"start":{"line":82,"column":34},"end":{"line":82,"column":63}},"62":{"start":{"line":83,"column":12},"end":{"line":83,"column":35}},"63":{"start":{"line":86,"column":8},"end":{"line":86,"column":34}},"64":{"start":{"line":87,"column":8},"end":{"line":87,"column":35}},"65":{"start":{"line":89,"column":8},"end":{"line":89,"column":39}},"66":{"start":{"line":91,"column":8},"end":{"line":91,"column":26}},"67":{"start":{"line":92,"column":8},"end":{"line":92,"column":18}},"68":{"start":{"line":94,"column":8},"end":{"line":94,"column":60}},"69":{"start":{"line":95,"column":8},"end":{"line":95,"column":24}},"70":{"start":{"line":98,"column":16},"end":{"line":105,"column":1}},"71":{"start":{"line":99,"column":4},"end":{"line":99,"column":22}},"72":{"start":{"line":100,"column":4},"end":{"line":100,"column":20}},"73":{"start":{"line":101,"column":4},"end":{"line":101,"column":15}},"74":{"start":{"line":102,"column":4},"end":{"line":102,"column":49}},"75":{"start":{"line":103,"column":4},"end":{"line":103,"column":13}},"76":{"start":{"line":104,"column":4},"end":{"line":104,"column":20}},"77":{"start":{"line":106,"column":23},"end":{"line":113,"column":1}},"78":{"start":{"line":108,"column":8},"end":{"line":108,"column":49}},"79":{"start":{"line":109,"column":8},"end":{"line":109,"column":33}},"80":{"start":{"line":110,"column":8},"end":{"line":110,"column":41}},"81":{"start":{"line":111,"column":8},"end":{"line":111,"column":18}},"82":{"start":{"line":115,"column":4},"end":{"line":115,"column":65}},"83":{"start":{"line":118,"column":4},"end":{"line":122,"column":5}},"84":{"start":{"line":119,"column":8},"end":{"line":119,"column":17}},"85":{"start":{"line":121,"column":8},"end":{"line":121,"column":36}},"86":{"start":{"line":125,"column":0},"end":{"line":135,"column":1}}},"fnMap":{"0":{"name":"(anonymous_0)","decl":{"start":{"line":6,"column":14},"end":{"line":6,"column":15}},"loc":{"start":{"line":6,"column":26},"end":{"line":8,"column":1}},"line":6},"1":{"name":"(anonymous_1)","decl":{"start":{"line":9,"column":19},"end":{"line":9,"column":20}},"loc":{"start":{"line":9,"column":34},"end":{"line":14,"column":1}},"line":9},"2":{"name":"(anonymous_2)","decl":{"start":{"line":15,"column":16},"end":{"line":15,"column":17}},"loc":{"start":{"line":15,"column":30},"end":{"line":56,"column":1}},"line":15},"3":{"name":"(anonymous_3)","decl":{"start":{"line":57,"column":26},"end":{"line":57,"column":27}},"loc":{"start":{"line":57,"column":38},"end":{"line":61,"column":1}},"line":57},"4":{"name":"(anonymous_4)","decl":{"start":{"line":62,"column":19},"end":{"line":62,"column":20}},"loc":{"start":{"line":62,"column":31},"end":{"line":97,"column":1}},"line":62},"5":{"name":"(anonymous_5)","decl":{"start":{"line":71,"column":64},"end":{"line":71,"column":65}},"loc":{"start":{"line":71,"column":85},"end":{"line":74,"column":9}},"line":71},"6":{"name":"(anonymous_6)","decl":{"start":{"line":76,"column":64},"end":{"line":76,"column":65}},"loc":{"start":{"line":76,"column":85},"end":{"line":79,"column":9}},"line":76},"7":{"name":"(anonymous_7)","decl":{"start":{"line":81,"column":64},"end":{"line":81,"column":65}},"loc":{"start":{"line":81,"column":85},"end":{"line":84,"column":9}},"line":81},"8":{"name":"(anonymous_8)","decl":{"start":{"line":98,"column":16},"end":{"line":98,"column":17}},"loc":{"start":{"line":98,"column":28},"end":{"line":105,"column":1}},"line":98},"9":{"name":"(anonymous_9)","decl":{"start":{"line":106,"column":23},"end":{"line":106,"column":24}},"loc":{"start":{"line":106,"column":35},"end":{"line":113,"column":1}},"line":106},"10":{"name":"roundFun","decl":{"start":{"line":114,"column":9},"end":{"line":114,"column":17}},"loc":{"start":{"line":114,"column":28},"end":{"line":116,"column":1}},"line":114},"11":{"name":"factorial","decl":{"start":{"line":117,"column":9},"end":{"line":117,"column":18}},"loc":{"start":{"line":117,"column":22},"end":{"line":123,"column":1}},"line":117}},"branchMap":{"0":{"loc":{"start":{"line":16,"column":4},"end":{"line":25,"column":5}},"type":"if","locations":[{"start":{"line":16,"column":4},"end":{"line":25,"column":5}},{"start":{},"end":{}}],"line":16},"1":{"loc":{"start":{"line":18,"column":8},"end":{"line":24,"column":9}},"type":"if","locations":[{"start":{"line":18,"column":8},"end":{"line":24,"column":9}},{"start":{"line":22,"column":13},"end":{"line":24,"column":9}}],"line":18},"2":{"loc":{"start":{"line":26,"column":4},"end":{"line":53,"column":5}},"type":"if","locations":[{"start":{"line":26,"column":4},"end":{"line":53,"column":5}},{"start":{"line":30,"column":11},"end":{"line":53,"column":5}}],"line":26},"3":{"loc":{"start":{"line":26,"column":8},"end":{"line":26,"column":49}},"type":"binary-expr","locations":[{"start":{"line":26,"column":8},"end":{"line":26,"column":19}},{"start":{"line":26,"column":23},"end":{"line":26,"column":34}},{"start":{"line":26,"column":38},"end":{"line":26,"column":49}}],"line":26},"4":{"loc":{"start":{"line":30,"column":11},"end":{"line":53,"column":5}},"type":"if","locations":[{"start":{"line":30,"column":11},"end":{"line":53,"column":5}},{"start":{"line":33,"column":10},"end":{"line":53,"column":5}}],"line":30},"5":{"loc":{"start":{"line":30,"column":15},"end":{"line":30,"column":59}},"type":"binary-expr","locations":[{"start":{"line":30,"column":15},"end":{"line":30,"column":27}},{"start":{"line":30,"column":31},"end":{"line":30,"column":43}},{"start":{"line":30,"column":47},"end":{"line":30,"column":59}}],"line":30},"6":{"loc":{"start":{"line":33,"column":10},"end":{"line":53,"column":5}},"type":"if","locations":[{"start":{"line":33,"column":10},"end":{"line":53,"column":5}},{"start":{"line":36,"column":10},"end":{"line":53,"column":5}}],"line":33},"7":{"loc":{"start":{"line":36,"column":10},"end":{"line":53,"column":5}},"type":"if","locations":[{"start":{"line":36,"column":10},"end":{"line":53,"column":5}},{"start":{"line":39,"column":10},"end":{"line":53,"column":5}}],"line":36},"8":{"loc":{"start":{"line":39,"column":10},"end":{"line":53,"column":5}},"type":"if","locations":[{"start":{"line":39,"column":10},"end":{"line":53,"column":5}},{"start":{"line":42,"column":10},"end":{"line":53,"column":5}}],"line":39},"9":{"loc":{"start":{"line":42,"column":10},"end":{"line":53,"column":5}},"type":"if","locations":[{"start":{"line":42,"column":10},"end":{"line":53,"column":5}},{"start":{"line":46,"column":10},"end":{"line":53,"column":5}}],"line":42},"10":{"loc":{"start":{"line":46,"column":10},"end":{"line":53,"column":5}},"type":"if","locations":[{"start":{"line":46,"column":10},"end":{"line":53,"column":5}},{"start":{"line":50,"column":9},"end":{"line":53,"column":5}}],"line":46},"11":{"loc":{"start":{"line":63,"column":4},"end":{"line":66,"column":5}},"type":"if","locations":[{"start":{"line":63,"column":4},"end":{"line":66,"column":5}},{"start":{},"end":{}}],"line":63},"12":{"loc":{"start":{"line":118,"column":4},"end":{"line":122,"column":5}},"type":"if","locations":[{"start":{"line":118,"column":4},"end":{"line":122,"column":5}},{"start":{"line":120,"column":11},"end":{"line":122,"column":5}}],"line":118},"13":{"loc":{"start":{"line":118,"column":8},"end":{"line":118,"column":26}},"type":"binary-expr","locations":[{"start":{"line":118,"column":8},"end":{"line":118,"column":15}},{"start":{"line":118,"column":19},"end":{"line":118,"column":26}}],"line":118}},"s":{"0":1,"1":1,"2":1,"3":1,"4":1,"5":1,"6":93,"7":1,"8":34,"9":34,"10":34,"11":1,"12":37,"13":17,"14":1,"15":1,"16":16,"17":37,"18":2,"19":2,"20":2,"21":35,"22":3,"23":3,"24":32,"25":2,"26":2,"27":30,"28":1,"29":1,"30":29,"31":1,"32":1,"33":28,"34":1,"35":1,"36":1,"37":27,"38":2,"39":2,"40":25,"41":25,"42":37,"43":37,"44":1,"45":4,"46":4,"47":4,"48":1,"49":18,"50":10,"51":10,"52":18,"53":18,"54":18,"55":1,"56":1,"57":18,"58":1,"59":1,"60":18,"61":1,"62":1,"63":18,"64":17,"65":17,"66":17,"67":17,"68":1,"69":1,"70":1,"71":20,"72":20,"73":20,"74":20,"75":20,"76":20,"77":1,"78":1,"79":1,"80":1,"81":1,"82":17,"83":4,"84":1,"85":3,"86":1},"f":{"0":93,"1":34,"2":37,"3":4,"4":18,"5":1,"6":1,"7":1,"8":20,"9":1,"10":17,"11":4},"b":{"0":[17,20],"1":[1,16],"2":[2,35],"3":[37,35,35],"4":[3,32],"5":[35,34,33],"6":[2,30],"7":[1,29],"8":[1,28],"9":[1,27],"10":[2,25],"11":[10,8],"12":[1,3],"13":[4,4]},"_coverageSchema":"1a1c01bbd47fc00a2c39e90264f33305004495a9","hash":"3e458cdad868dfb774b7463e88d76b7c68f03000"}
}
