TN:
SF:test_result\demo.js
FN:6,(anonymous_0)
FN:9,(anonymous_1)
FN:15,(anonymous_2)
FN:57,(anonymous_3)
FN:62,(anonymous_4)
FN:71,(anonymous_5)
FN:76,(anonymous_6)
FN:81,(anonymous_7)
FN:98,(anonymous_8)
FN:106,(anonymous_9)
FN:114,roundFun
FN:117,factorial
FNF:12
FNH:12
FNDA:93,(anonymous_0)
FNDA:34,(anonymous_1)
FNDA:37,(anonymous_2)
FNDA:4,(anonymous_3)
FNDA:18,(anonymous_4)
FNDA:1,(anonymous_5)
FNDA:1,(anonymous_6)
FNDA:1,(anonymous_7)
FNDA:20,(anonymous_8)
FNDA:1,(anonymous_9)
FNDA:17,roundFun
FNDA:4,factorial
DA:1,1
DA:2,1
DA:3,1
DA:4,1
DA:5,1
DA:6,1
DA:7,93
DA:9,1
DA:10,34
DA:11,34
DA:12,34
DA:15,1
DA:16,37
DA:18,17
DA:19,1
DA:20,1
DA:23,16
DA:26,37
DA:27,2
DA:28,2
DA:29,2
DA:30,35
DA:31,3
DA:32,3
DA:33,32
DA:34,2
DA:35,2
DA:36,30
DA:37,1
DA:38,1
DA:39,29
DA:40,1
DA:41,1
DA:42,28
DA:43,1
DA:44,1
DA:45,1
DA:46,27
DA:47,2
DA:48,2
DA:51,25
DA:52,25
DA:54,37
DA:55,37
DA:57,1
DA:58,4
DA:59,4
DA:60,4
DA:62,1
DA:63,18
DA:64,10
DA:65,10
DA:67,18
DA:68,18
DA:71,18
DA:72,1
DA:73,1
DA:76,18
DA:77,1
DA:78,1
DA:81,18
DA:82,1
DA:83,1
DA:86,18
DA:87,17
DA:89,17
DA:91,17
DA:92,17
DA:94,1
DA:95,1
DA:98,1
DA:99,20
DA:100,20
DA:101,20
DA:102,20
DA:103,20
DA:104,20
DA:106,1
DA:108,1
DA:109,1
DA:110,1
DA:111,1
DA:115,17
DA:118,4
DA:119,1
DA:121,3
DA:125,1
LF:87
LH:87
BRDA:16,0,0,17
BRDA:16,0,1,20
BRDA:18,1,0,1
BRDA:18,1,1,16
BRDA:26,2,0,2
BRDA:26,2,1,35
BRDA:26,3,0,37
BRDA:26,3,1,35
BRDA:26,3,2,35
BRDA:30,4,0,3
BRDA:30,4,1,32
BRDA:30,5,0,35
BRDA:30,5,1,34
BRDA:30,5,2,33
BRDA:33,6,0,2
BRDA:33,6,1,30
BRDA:36,7,0,1
BRDA:36,7,1,29
BRDA:39,8,0,1
BRDA:39,8,1,28
BRDA:42,9,0,1
BRDA:42,9,1,27
BRDA:46,10,0,2
BRDA:46,10,1,25
BRDA:63,11,0,10
BRDA:63,11,1,8
BRDA:118,12,0,1
BRDA:118,12,1,3
BRDA:118,13,0,4
BRDA:118,13,1,4
BRF:30
BRH:30
end_of_record
